<?xml version="1.0" encoding="UTF-8"?>
<testsuite name="io.reflectoring.awshelloworld.AwsHelloWorldApplicationTests" tests="1" skipped="0" failures="0" errors="0" timestamp="2020-07-20T23:55:52" hostname="SUROHATG-M-G1R5" time="0.21">
  <properties/>
  <testcase name="contextLoads()" classname="io.reflectoring.awshelloworld.AwsHelloWorldApplicationTests" time="0.21"/>
  <system-out><![CDATA[16:55:50.070 [Test worker] DEBUG org.springframework.test.context.BootstrapUtils - Instantiating CacheAwareContextLoaderDelegate from class [org.springframework.test.context.cache.DefaultCacheAwareContextLoaderDelegate]
16:55:50.081 [Test worker] DEBUG org.springframework.test.context.BootstrapUtils - Instantiating BootstrapContext using constructor [public org.springframework.test.context.support.DefaultBootstrapContext(java.lang.Class,org.springframework.test.context.CacheAwareContextLoaderDelegate)]
16:55:50.106 [Test worker] DEBUG org.springframework.test.context.BootstrapUtils - Instantiating TestContextBootstrapper for test class [io.reflectoring.awshelloworld.AwsHelloWorldApplicationTests] from class [org.springframework.boot.test.context.SpringBootTestContextBootstrapper]
16:55:50.119 [Test worker] INFO org.springframework.boot.test.context.SpringBootTestContextBootstrapper - Neither @ContextConfiguration nor @ContextHierarchy found for test class [io.reflectoring.awshelloworld.AwsHelloWorldApplicationTests], using SpringBootContextLoader
16:55:50.122 [Test worker] DEBUG org.springframework.test.context.support.AbstractContextLoader - Did not detect default resource location for test class [io.reflectoring.awshelloworld.AwsHelloWorldApplicationTests]: class path resource [io/reflectoring/awshelloworld/AwsHelloWorldApplicationTests-context.xml] does not exist
16:55:50.123 [Test worker] DEBUG org.springframework.test.context.support.AbstractContextLoader - Did not detect default resource location for test class [io.reflectoring.awshelloworld.AwsHelloWorldApplicationTests]: class path resource [io/reflectoring/awshelloworld/AwsHelloWorldApplicationTestsContext.groovy] does not exist
16:55:50.123 [Test worker] INFO org.springframework.test.context.support.AbstractContextLoader - Could not detect default resource locations for test class [io.reflectoring.awshelloworld.AwsHelloWorldApplicationTests]: no resource found for suffixes {-context.xml, Context.groovy}.
16:55:50.123 [Test worker] INFO org.springframework.test.context.support.AnnotationConfigContextLoaderUtils - Could not detect default configuration classes for test class [io.reflectoring.awshelloworld.AwsHelloWorldApplicationTests]: AwsHelloWorldApplicationTests does not declare any static, non-private, non-final, nested classes annotated with @Configuration.
16:55:50.153 [Test worker] DEBUG org.springframework.test.context.support.ActiveProfilesUtils - Could not find an 'annotation declaring class' for annotation type [org.springframework.test.context.ActiveProfiles] and class [io.reflectoring.awshelloworld.AwsHelloWorldApplicationTests]
16:55:50.217 [Test worker] DEBUG org.springframework.context.annotation.ClassPathScanningCandidateComponentProvider - Identified candidate component class: file [/Users/sumit.rohatgi/Desktop/SE-DAYS-EBS-LAB/code-examples/aws/aws-hello-world/build/classes/java/main/io/reflectoring/awshelloworld/AwsHelloWorldApplication.class]
16:55:50.241 [Test worker] INFO org.springframework.boot.test.context.SpringBootTestContextBootstrapper - Found @SpringBootConfiguration io.reflectoring.awshelloworld.AwsHelloWorldApplication for test class io.reflectoring.awshelloworld.AwsHelloWorldApplicationTests
16:55:50.317 [Test worker] DEBUG org.springframework.boot.test.context.SpringBootTestContextBootstrapper - @TestExecutionListeners is not present for class [io.reflectoring.awshelloworld.AwsHelloWorldApplicationTests]: using defaults.
16:55:50.317 [Test worker] INFO org.springframework.boot.test.context.SpringBootTestContextBootstrapper - Loaded default TestExecutionListener class names from location [META-INF/spring.factories]: [org.springframework.boot.test.autoconfigure.restdocs.RestDocsTestExecutionListener, org.springframework.boot.test.autoconfigure.web.client.MockRestServiceServerResetTestExecutionListener, org.springframework.boot.test.autoconfigure.web.servlet.MockMvcPrintOnlyOnFailureTestExecutionListener, org.springframework.boot.test.autoconfigure.web.servlet.WebDriverTestExecutionListener, org.springframework.boot.test.mock.mockito.MockitoTestExecutionListener, org.springframework.boot.test.mock.mockito.ResetMocksTestExecutionListener, org.springframework.test.context.web.ServletTestExecutionListener, org.springframework.test.context.support.DirtiesContextBeforeModesTestExecutionListener, org.springframework.test.context.support.DependencyInjectionTestExecutionListener, org.springframework.test.context.support.DirtiesContextTestExecutionListener, org.springframework.test.context.transaction.TransactionalTestExecutionListener, org.springframework.test.context.jdbc.SqlScriptsTestExecutionListener, org.springframework.test.context.event.EventPublishingTestExecutionListener]
16:55:50.326 [Test worker] DEBUG org.springframework.boot.test.context.SpringBootTestContextBootstrapper - Skipping candidate TestExecutionListener [org.springframework.test.context.transaction.TransactionalTestExecutionListener] due to a missing dependency. Specify custom listener classes or make the default listener classes and their required dependencies available. Offending class: [org/springframework/transaction/TransactionDefinition]
16:55:50.326 [Test worker] DEBUG org.springframework.boot.test.context.SpringBootTestContextBootstrapper - Skipping candidate TestExecutionListener [org.springframework.test.context.jdbc.SqlScriptsTestExecutionListener] due to a missing dependency. Specify custom listener classes or make the default listener classes and their required dependencies available. Offending class: [org/springframework/transaction/interceptor/TransactionAttribute]
16:55:50.327 [Test worker] INFO org.springframework.boot.test.context.SpringBootTestContextBootstrapper - Using TestExecutionListeners: [org.springframework.test.context.web.ServletTestExecutionListener@1c935d4d, org.springframework.test.context.support.DirtiesContextBeforeModesTestExecutionListener@1c34bb92, org.springframework.boot.test.mock.mockito.MockitoTestExecutionListener@399421fd, org.springframework.boot.test.autoconfigure.SpringBootDependencyInjectionTestExecutionListener@4c98eb20, org.springframework.test.context.support.DirtiesContextTestExecutionListener@4a67aecb, org.springframework.test.context.event.EventPublishingTestExecutionListener@73b6743e, org.springframework.boot.test.autoconfigure.restdocs.RestDocsTestExecutionListener@6b35387c, org.springframework.boot.test.autoconfigure.web.client.MockRestServiceServerResetTestExecutionListener@607f0fd1, org.springframework.boot.test.autoconfigure.web.servlet.MockMvcPrintOnlyOnFailureTestExecutionListener@1799e4e3, org.springframework.boot.test.autoconfigure.web.servlet.WebDriverTestExecutionListener@57ce65aa, org.springframework.boot.test.mock.mockito.ResetMocksTestExecutionListener@157a51f7]
16:55:50.330 [Test worker] DEBUG org.springframework.test.context.support.AbstractDirtiesContextTestExecutionListener - Before test class: context [DefaultTestContext@1f9fe8b3 testClass = AwsHelloWorldApplicationTests, testInstance = [null], testMethod = [null], testException = [null], mergedContextConfiguration = [WebMergedContextConfiguration@39cbfb6d testClass = AwsHelloWorldApplicationTests, locations = '{}', classes = '{class io.reflectoring.awshelloworld.AwsHelloWorldApplication}', contextInitializerClasses = '[]', activeProfiles = '{}', propertySourceLocations = '{}', propertySourceProperties = '{org.springframework.boot.test.context.SpringBootTestContextBootstrapper=true}', contextCustomizers = set[org.springframework.boot.test.autoconfigure.properties.PropertyMappingContextCustomizer@0, org.springframework.boot.test.autoconfigure.web.servlet.WebDriverContextCustomizerFactory$Customizer@626d630b, org.springframework.boot.test.context.filter.ExcludeFilterContextCustomizer@8652ee4, org.springframework.boot.test.json.DuplicateJsonObjectContextCustomizerFactory$DuplicateJsonObjectContextCustomizer@163e116d, org.springframework.boot.test.mock.mockito.MockitoContextCustomizer@0, org.springframework.boot.test.web.client.TestRestTemplateContextCustomizer@5db730d3], resourceBasePath = 'src/main/webapp', contextLoader = 'org.springframework.boot.test.context.SpringBootContextLoader', parent = [null]], attributes = map['org.springframework.test.context.web.ServletTestExecutionListener.activateListener' -> true]], class annotated with @DirtiesContext [false] with mode [null].
16:55:50.353 [Test worker] DEBUG org.springframework.test.context.support.TestPropertySourceUtils - Adding inlined properties to environment: {spring.jmx.enabled=false, org.springframework.boot.test.context.SpringBootTestContextBootstrapper=true, server.port=-1}

  .   ____          _            __ _ _
 /\\ / ___'_ __ _ _(_)_ __  __ _ \ \ \ \
( ( )\___ | '_ | '_| | '_ \/ _` | \ \ \ \
 \\/  ___)| |_)| | | | | || (_| |  ) ) ) )
  '  |____| .__|_| |_|_| |_\__, | / / / /
 =========|_|==============|___/=/_/_/_/
 :: Spring Boot ::        (v2.2.4.RELEASE)

2020-07-20 16:55:50.584  INFO 29965 --- [    Test worker] i.r.a.AwsHelloWorldApplicationTests      : Starting AwsHelloWorldApplicationTests on SUROHATG-M-G1R5 with PID 29965 (started by sumit.rohatgi in /Users/sumit.rohatgi/Desktop/SE-DAYS-EBS-LAB/code-examples/aws/aws-hello-world)
2020-07-20 16:55:50.585  INFO 29965 --- [    Test worker] i.r.a.AwsHelloWorldApplicationTests      : No active profile set, falling back to default profiles: default
2020-07-20 16:55:51.757  INFO 29965 --- [    Test worker] o.s.s.concurrent.ThreadPoolTaskExecutor  : Initializing ExecutorService 'applicationTaskExecutor'
2020-07-20 16:55:52.012  INFO 29965 --- [    Test worker] i.r.a.AwsHelloWorldApplicationTests      : Started AwsHelloWorldApplicationTests in 1.65 seconds (JVM running for 2.646)
]]></system-out>
  <system-err><![CDATA[]]></system-err>
</testsuite>
